
*** Running vivado
    with args -log memory_top.vds -m64 -product Vivado -mode batch -messageDb vivado.pb -notrace -source memory_top.tcl



****** Vivado v2024.2.2 (64-bit)
  **** SW Build 6060944 on Thu Mar 06 19:10:01 MST 2025
  **** IP Build 6050500 on Thu Mar  6 23:33:39 MST 2025
  **** SharedData Build 6060542 on Thu Mar 06 10:31:07 MST 2025
  **** Start of session at: Mon Nov 24 11:08:05 2025
    ** Copyright 1986-2022 Xilinx, Inc. All Rights Reserved.
    ** Copyright 2022-2025 Advanced Micro Devices, Inc. All Rights Reserved.

source memory_top.tcl -notrace
create_project: Time (s): cpu = 00:00:05 ; elapsed = 00:00:06 . Memory (MB): peak = 363.902 ; gain = 64.664
Command: read_checkpoint -auto_incremental -incremental C:/Users/alext/Desktop/School/ECEN_340/Lab8_Memory/Lab8_Memory.srcs/utils_1/imports/synth_1/memory_top.dcp
INFO: [Vivado 12-5825] Read reference checkpoint from C:/Users/alext/Desktop/School/ECEN_340/Lab8_Memory/Lab8_Memory.srcs/utils_1/imports/synth_1/memory_top.dcp for incremental synthesis
INFO: [Vivado 12-7989] Please ensure there are no constraint changes
Command: synth_design -top memory_top -part xc7a35tcpg236-1
Starting synth_design
Attempting to get a license for feature 'Synthesis' and/or device 'xc7a35t'
INFO: [Common 17-349] Got license for feature 'Synthesis' and/or device 'xc7a35t'
INFO: [Device 21-403] Loading part xc7a35tcpg236-1
INFO: [Designutils 20-5440] No compile time benefit to using incremental synthesis; A full resynthesis will be run
INFO: [Designutils 20-4379] Flow is switching to default flow due to incremental criteria not met. If you would like to alter this behaviour and have the flow terminate instead, please set the following parameter config_implementation {autoIncr.Synth.RejectBehavior Terminate}
INFO: [Synth 8-7079] Multithreading enabled for synth_design using a maximum of 2 processes.
INFO: [Synth 8-7078] Launching helper process for spawning children vivado processes
INFO: [Synth 8-7075] Helper process launched with PID 47076
---------------------------------------------------------------------------------
Starting RTL Elaboration : Time (s): cpu = 00:00:14 ; elapsed = 00:00:17 . Memory (MB): peak = 1025.809 ; gain = 467.438
---------------------------------------------------------------------------------
INFO: [Synth 8-11241] undeclared symbol 'WE_IM', assumed default net type 'wire' [C:/Users/alext/Downloads/memory_top.v:46]
INFO: [Synth 8-11241] undeclared symbol 'OE_IM', assumed default net type 'wire' [C:/Users/alext/Downloads/memory_top.v:46]
INFO: [Synth 8-11241] undeclared symbol 'WE_OM', assumed default net type 'wire' [C:/Users/alext/Downloads/memory_top.v:47]
INFO: [Synth 8-11241] undeclared symbol 'OE_OM', assumed default net type 'wire' [C:/Users/alext/Downloads/memory_top.v:47]
INFO: [Synth 8-11241] undeclared symbol 'OE_sw', assumed default net type 'wire' [C:/Users/alext/Downloads/memory_top.v:51]
INFO: [Synth 8-11241] undeclared symbol 'OE_op', assumed default net type 'wire' [C:/Users/alext/Downloads/memory_top.v:51]
INFO: [Synth 8-6157] synthesizing module 'memory_top' [C:/Users/alext/Downloads/memory_top.v:23]
INFO: [Synth 8-6157] synthesizing module 'sseg_x4_top' [C:/Users/alext/Desktop/School/ECEN_340/sseg_x4 _top/sseg_x4 _top.srcs/sources_1/new/sseg_x4 _top.v:23]
INFO: [Synth 8-6157] synthesizing module 'clk_gen' [C:/Users/alext/Desktop/School/ECEN_340/sseg_x4 _top/sseg_x4 _top.srcs/sources_1/new/clk_gen.v:23]
INFO: [Synth 8-6155] done synthesizing module 'clk_gen' (0#1) [C:/Users/alext/Desktop/School/ECEN_340/sseg_x4 _top/sseg_x4 _top.srcs/sources_1/new/clk_gen.v:23]
INFO: [Synth 8-6157] synthesizing module 'digit_selector' [C:/Users/alext/Desktop/School/ECEN_340/sseg_x4 _top/sseg_x4 _top.srcs/sources_1/new/digit_selector.v:23]
INFO: [Synth 8-226] default block is never used [C:/Users/alext/Desktop/School/ECEN_340/sseg_x4 _top/sseg_x4 _top.srcs/sources_1/new/digit_selector.v:45]
INFO: [Synth 8-6155] done synthesizing module 'digit_selector' (0#1) [C:/Users/alext/Desktop/School/ECEN_340/sseg_x4 _top/sseg_x4 _top.srcs/sources_1/new/digit_selector.v:23]
INFO: [Synth 8-6157] synthesizing module 'hex_num_gen' [C:/Users/alext/Desktop/School/ECEN_340/sseg_x4 _top/sseg_x4 _top.srcs/sources_1/new/hex_num_gen.v:23]
INFO: [Synth 8-6155] done synthesizing module 'hex_num_gen' (0#1) [C:/Users/alext/Desktop/School/ECEN_340/sseg_x4 _top/sseg_x4 _top.srcs/sources_1/new/hex_num_gen.v:23]
INFO: [Synth 8-6157] synthesizing module 'sseg' [C:/Users/alext/Desktop/School/ECEN_340/sseg_x4 _top/sseg_x4 _top.srcs/sources_1/new/sseg.v:23]
INFO: [Synth 8-226] default block is never used [C:/Users/alext/Desktop/School/ECEN_340/sseg_x4 _top/sseg_x4 _top.srcs/sources_1/new/sseg.v:38]
INFO: [Synth 8-6155] done synthesizing module 'sseg' (0#1) [C:/Users/alext/Desktop/School/ECEN_340/sseg_x4 _top/sseg_x4 _top.srcs/sources_1/new/sseg.v:23]
INFO: [Synth 8-6155] done synthesizing module 'sseg_x4_top' (0#1) [C:/Users/alext/Desktop/School/ECEN_340/sseg_x4 _top/sseg_x4 _top.srcs/sources_1/new/sseg_x4 _top.v:23]
WARNING: [Synth 8-7071] port 'JA' of module 'sseg_x4_top' is unconnected for instance 'disp' [C:/Users/alext/Downloads/memory_top.v:45]
WARNING: [Synth 8-7023] instance 'disp' of module 'sseg_x4_top' has 7 connections declared, but only 6 given [C:/Users/alext/Downloads/memory_top.v:45]
INFO: [Synth 8-6157] synthesizing module 'memory' [C:/Users/alext/Desktop/School/ECEN_340/Lab8_Memory/Lab8_Memory.srcs/sources_1/new/memory.v:23]
INFO: [Synth 8-6155] done synthesizing module 'memory' (0#1) [C:/Users/alext/Desktop/School/ECEN_340/Lab8_Memory/Lab8_Memory.srcs/sources_1/new/memory.v:23]
INFO: [Synth 8-6157] synthesizing module 'debounce_buttons' [C:/Users/alext/Downloads/memory_top.v:96]
INFO: [Synth 8-6157] synthesizing module 'debounce_div' [C:/Users/alext/Downloads/debounce_div.v:23]
INFO: [Synth 8-6155] done synthesizing module 'debounce_div' (0#1) [C:/Users/alext/Downloads/debounce_div.v:23]
INFO: [Synth 8-6157] synthesizing module 'btn_debounce' [C:/Users/alext/Downloads/btn_debounce.v:23]
INFO: [Synth 8-6155] done synthesizing module 'btn_debounce' (0#1) [C:/Users/alext/Downloads/btn_debounce.v:23]
INFO: [Synth 8-6155] done synthesizing module 'debounce_buttons' (0#1) [C:/Users/alext/Downloads/memory_top.v:96]
INFO: [Synth 8-6157] synthesizing module 'IO_control' [C:/Users/alext/Downloads/memory_top.v:111]
INFO: [Synth 8-6155] done synthesizing module 'IO_control' (0#1) [C:/Users/alext/Downloads/memory_top.v:111]
INFO: [Synth 8-6157] synthesizing module 'addr_control' [C:/Users/alext/Downloads/memory_top.v:136]
INFO: [Synth 8-6157] synthesizing module 'create_pulse_from_step' [C:/Users/alext/Downloads/memory_top.v:158]
INFO: [Synth 8-6155] done synthesizing module 'create_pulse_from_step' (0#1) [C:/Users/alext/Downloads/memory_top.v:158]
INFO: [Synth 8-6155] done synthesizing module 'addr_control' (0#1) [C:/Users/alext/Downloads/memory_top.v:136]
INFO: [Synth 8-6157] synthesizing module 'pipelined_multiplier' [C:/Users/alext/Desktop/School/ECEN_340/Lab8_Memory/Lab8_Memory.srcs/sources_1/new/pipelined_multiplier.v:23]
INFO: [Synth 8-6155] done synthesizing module 'pipelined_multiplier' (0#1) [C:/Users/alext/Desktop/School/ECEN_340/Lab8_Memory/Lab8_Memory.srcs/sources_1/new/pipelined_multiplier.v:23]
INFO: [Synth 8-6155] done synthesizing module 'memory_top' (0#1) [C:/Users/alext/Downloads/memory_top.v:23]
WARNING: [Synth 8-3917] design memory_top has port led[14] driven by constant 0
WARNING: [Synth 8-3917] design memory_top has port led[7] driven by constant 0
WARNING: [Synth 8-3917] design memory_top has port led[6] driven by constant 0
WARNING: [Synth 8-3917] design memory_top has port led[5] driven by constant 0
WARNING: [Synth 8-3917] design memory_top has port led[4] driven by constant 0
---------------------------------------------------------------------------------
Finished RTL Elaboration : Time (s): cpu = 00:00:18 ; elapsed = 00:00:22 . Memory (MB): peak = 1131.914 ; gain = 573.543
---------------------------------------------------------------------------------
---------------------------------------------------------------------------------
Start Handling Custom Attributes
---------------------------------------------------------------------------------
---------------------------------------------------------------------------------
Finished Handling Custom Attributes : Time (s): cpu = 00:00:18 ; elapsed = 00:00:22 . Memory (MB): peak = 1131.914 ; gain = 573.543
---------------------------------------------------------------------------------
---------------------------------------------------------------------------------
Finished RTL Optimization Phase 1 : Time (s): cpu = 00:00:18 ; elapsed = 00:00:22 . Memory (MB): peak = 1131.914 ; gain = 573.543
---------------------------------------------------------------------------------
Netlist sorting complete. Time (s): cpu = 00:00:00 ; elapsed = 00:00:00.009 . Memory (MB): peak = 1131.914 ; gain = 0.000
INFO: [Project 1-570] Preparing netlist for logic optimization

Processing XDC Constraints
Initializing timing engine
Parsing XDC File [C:/Users/alext/Desktop/School/ECEN_340/Basys3_Master.xdc]
Finished Parsing XDC File [C:/Users/alext/Desktop/School/ECEN_340/Basys3_Master.xdc]
INFO: [Project 1-236] Implementation specific constraints were found while reading constraint file [C:/Users/alext/Desktop/School/ECEN_340/Basys3_Master.xdc]. These constraints will be ignored for synthesis but will be used in implementation. Impacted constraints are listed in the file [.Xil/memory_top_propImpl.xdc].
Resolution: To avoid this warning, move constraints listed in [.Xil/memory_top_propImpl.xdc] to another XDC file and exclude this new file from synthesis with the used_in_synthesis property (File Properties dialog in GUI) and re-run elaboration/synthesis.
Completed Processing XDC Constraints

Netlist sorting complete. Time (s): cpu = 00:00:00 ; elapsed = 00:00:00.001 . Memory (MB): peak = 1152.223 ; gain = 0.000
INFO: [Project 1-111] Unisim Transformation Summary:
No Unisim elements were transformed.

Constraint Validation Runtime : Time (s): cpu = 00:00:00 ; elapsed = 00:00:00.010 . Memory (MB): peak = 1152.223 ; gain = 0.000
INFO: [Designutils 20-5440] No compile time benefit to using incremental synthesis; A full resynthesis will be run
INFO: [Designutils 20-4379] Flow is switching to default flow due to incremental criteria not met. If you would like to alter this behaviour and have the flow terminate instead, please set the following parameter config_implementation {autoIncr.Synth.RejectBehavior Terminate}
---------------------------------------------------------------------------------
Finished Constraint Validation : Time (s): cpu = 00:00:38 ; elapsed = 00:00:45 . Memory (MB): peak = 1152.223 ; gain = 593.852
---------------------------------------------------------------------------------
---------------------------------------------------------------------------------
Start Loading Part and Timing Information
---------------------------------------------------------------------------------
Loading part: xc7a35tcpg236-1
---------------------------------------------------------------------------------
Finished Loading Part and Timing Information : Time (s): cpu = 00:00:38 ; elapsed = 00:00:45 . Memory (MB): peak = 1152.223 ; gain = 593.852
---------------------------------------------------------------------------------
---------------------------------------------------------------------------------
Start Applying 'set_property' XDC Constraints
---------------------------------------------------------------------------------
---------------------------------------------------------------------------------
Finished applying 'set_property' XDC Constraints : Time (s): cpu = 00:00:38 ; elapsed = 00:00:45 . Memory (MB): peak = 1152.223 ; gain = 593.852
---------------------------------------------------------------------------------
---------------------------------------------------------------------------------
Finished RTL Optimization Phase 2 : Time (s): cpu = 00:00:38 ; elapsed = 00:00:46 . Memory (MB): peak = 1152.223 ; gain = 593.852
---------------------------------------------------------------------------------
---------------------------------------------------------------------------------
Start RTL Component Statistics 
---------------------------------------------------------------------------------
Detailed RTL Component Info : 
+---Adders : 
	   2 Input   16 Bit       Adders := 7     
	   2 Input    4 Bit       Adders := 1     
	   2 Input    2 Bit       Adders := 1     
+---Registers : 
	               20 Bit    Registers := 5     
	               16 Bit    Registers := 6     
	                4 Bit    Registers := 1     
	                2 Bit    Registers := 1     
	                1 Bit    Registers := 5     
+---Muxes : 
	   2 Input   16 Bit        Muxes := 8     
	   2 Input    8 Bit        Muxes := 1     
	   4 Input    4 Bit        Muxes := 1     
	   8 Input    1 Bit        Muxes := 4     
	   2 Input    1 Bit        Muxes := 1     
---------------------------------------------------------------------------------
Finished RTL Component Statistics 
---------------------------------------------------------------------------------
---------------------------------------------------------------------------------
Start Part Resource Summary
---------------------------------------------------------------------------------
Part Resources:
DSPs: 90 (col length:60)
BRAMs: 100 (col length: RAMB18 60 RAMB36 30)
---------------------------------------------------------------------------------
Finished Part Resource Summary
---------------------------------------------------------------------------------
---------------------------------------------------------------------------------
Start Cross Boundary and Area Optimization
---------------------------------------------------------------------------------
WARNING: [Synth 8-7080] Parallel synthesis criteria is not met
WARNING: [Synth 8-3917] design memory_top has port dp driven by constant 1
WARNING: [Synth 8-3917] design memory_top has port led[14] driven by constant 0
WARNING: [Synth 8-3917] design memory_top has port led[7] driven by constant 0
WARNING: [Synth 8-3917] design memory_top has port led[6] driven by constant 0
WARNING: [Synth 8-3917] design memory_top has port led[5] driven by constant 0
WARNING: [Synth 8-3917] design memory_top has port led[4] driven by constant 0
---------------------------------------------------------------------------------
Finished Cross Boundary and Area Optimization : Time (s): cpu = 00:00:44 ; elapsed = 00:00:53 . Memory (MB): peak = 1183.113 ; gain = 624.742
---------------------------------------------------------------------------------
---------------------------------------------------------------------------------
Start ROM, RAM, DSP, Shift Register and Retiming Reporting
---------------------------------------------------------------------------------

Distributed RAM: Preliminary Mapping Report (see note below)
+------------+------------+-----------+----------------------+----------------+
|Module Name | RTL Object | Inference | Size (Depth x Width) | Primitives     | 
+------------+------------+-----------+----------------------+----------------+
|memory_top  | IM/mem_reg | Implied   | 16 x 16              | RAM16X1S x 16  | 
|memory_top  | OM/mem_reg | Implied   | 16 x 16              | RAM16X1S x 16  | 
+------------+------------+-----------+----------------------+----------------+

Note: The table above is a preliminary report that shows the Distributed RAMs at the current stage of the synthesis flow. Some Distributed RAMs may be reimplemented as non Distributed RAM primitives later in the synthesis flow. Multiple instantiated RAMs are reported only once.
---------------------------------------------------------------------------------
Finished ROM, RAM, DSP, Shift Register and Retiming Reporting
---------------------------------------------------------------------------------
---------------------------------------------------------------------------------
Start Applying XDC Timing Constraints
---------------------------------------------------------------------------------
---------------------------------------------------------------------------------
Finished Applying XDC Timing Constraints : Time (s): cpu = 00:00:58 ; elapsed = 00:01:09 . Memory (MB): peak = 1329.125 ; gain = 770.754
---------------------------------------------------------------------------------
---------------------------------------------------------------------------------
Start Timing Optimization
---------------------------------------------------------------------------------
---------------------------------------------------------------------------------
Finished Timing Optimization : Time (s): cpu = 00:01:00 ; elapsed = 00:01:10 . Memory (MB): peak = 1362.117 ; gain = 803.746
---------------------------------------------------------------------------------
---------------------------------------------------------------------------------
Start ROM, RAM, DSP, Shift Register and Retiming Reporting
---------------------------------------------------------------------------------

Distributed RAM: Final Mapping Report
+------------+------------+-----------+----------------------+----------------+
|Module Name | RTL Object | Inference | Size (Depth x Width) | Primitives     | 
+------------+------------+-----------+----------------------+----------------+
|memory_top  | IM/mem_reg | Implied   | 16 x 16              | RAM16X1S x 16  | 
|memory_top  | OM/mem_reg | Implied   | 16 x 16              | RAM16X1S x 16  | 
+------------+------------+-----------+----------------------+----------------+

---------------------------------------------------------------------------------
Finished ROM, RAM, DSP, Shift Register and Retiming Reporting
---------------------------------------------------------------------------------
---------------------------------------------------------------------------------
Start Technology Mapping
---------------------------------------------------------------------------------
---------------------------------------------------------------------------------
Finished Technology Mapping : Time (s): cpu = 00:01:00 ; elapsed = 00:01:11 . Memory (MB): peak = 1362.117 ; gain = 803.746
---------------------------------------------------------------------------------
---------------------------------------------------------------------------------
Start IO Insertion
---------------------------------------------------------------------------------
---------------------------------------------------------------------------------
Start Flattening Before IO Insertion
---------------------------------------------------------------------------------
---------------------------------------------------------------------------------
Finished Flattening Before IO Insertion
---------------------------------------------------------------------------------
---------------------------------------------------------------------------------
Start Final Netlist Cleanup
---------------------------------------------------------------------------------
---------------------------------------------------------------------------------
Finished Final Netlist Cleanup
---------------------------------------------------------------------------------
---------------------------------------------------------------------------------
Finished IO Insertion : Time (s): cpu = 00:01:09 ; elapsed = 00:01:20 . Memory (MB): peak = 1558.738 ; gain = 1000.367
---------------------------------------------------------------------------------
---------------------------------------------------------------------------------
Start Renaming Generated Instances
---------------------------------------------------------------------------------
---------------------------------------------------------------------------------
Finished Renaming Generated Instances : Time (s): cpu = 00:01:09 ; elapsed = 00:01:20 . Memory (MB): peak = 1558.738 ; gain = 1000.367
---------------------------------------------------------------------------------
---------------------------------------------------------------------------------
Start Rebuilding User Hierarchy
---------------------------------------------------------------------------------
---------------------------------------------------------------------------------
Finished Rebuilding User Hierarchy : Time (s): cpu = 00:01:09 ; elapsed = 00:01:20 . Memory (MB): peak = 1558.738 ; gain = 1000.367
---------------------------------------------------------------------------------
---------------------------------------------------------------------------------
Start Renaming Generated Ports
---------------------------------------------------------------------------------
---------------------------------------------------------------------------------
Finished Renaming Generated Ports : Time (s): cpu = 00:01:09 ; elapsed = 00:01:20 . Memory (MB): peak = 1558.738 ; gain = 1000.367
---------------------------------------------------------------------------------
---------------------------------------------------------------------------------
Start Handling Custom Attributes
---------------------------------------------------------------------------------
---------------------------------------------------------------------------------
Finished Handling Custom Attributes : Time (s): cpu = 00:01:09 ; elapsed = 00:01:20 . Memory (MB): peak = 1558.738 ; gain = 1000.367
---------------------------------------------------------------------------------
---------------------------------------------------------------------------------
Start Renaming Generated Nets
---------------------------------------------------------------------------------
---------------------------------------------------------------------------------
Finished Renaming Generated Nets : Time (s): cpu = 00:01:09 ; elapsed = 00:01:20 . Memory (MB): peak = 1558.738 ; gain = 1000.367
---------------------------------------------------------------------------------
---------------------------------------------------------------------------------
Start Writing Synthesis Report
---------------------------------------------------------------------------------

Report BlackBoxes: 
+-+--------------+----------+
| |BlackBox name |Instances |
+-+--------------+----------+
+-+--------------+----------+

Report Cell Usage: 
+------+---------+------+
|      |Cell     |Count |
+------+---------+------+
|1     |BUFG     |     3|
|2     |CARRY4   |    30|
|3     |LUT1     |     7|
|4     |LUT2     |    82|
|5     |LUT3     |    19|
|6     |LUT4     |    77|
|7     |LUT5     |    21|
|8     |LUT6     |    10|
|9     |RAM16X1S |    32|
|10    |FDCE     |     1|
|11    |FDPE     |     1|
|12    |FDRE     |   208|
|13    |LDC      |     1|
|14    |IBUF     |    22|
|15    |OBUF     |    28|
+------+---------+------+
---------------------------------------------------------------------------------
Finished Writing Synthesis Report : Time (s): cpu = 00:01:09 ; elapsed = 00:01:21 . Memory (MB): peak = 1558.738 ; gain = 1000.367
---------------------------------------------------------------------------------
Synthesis finished with 0 errors, 0 critical warnings and 7 warnings.
Synthesis Optimization Runtime : Time (s): cpu = 00:00:46 ; elapsed = 00:01:15 . Memory (MB): peak = 1558.738 ; gain = 980.059
Synthesis Optimization Complete : Time (s): cpu = 00:01:09 ; elapsed = 00:01:21 . Memory (MB): peak = 1558.738 ; gain = 1000.367
INFO: [Project 1-571] Translating synthesized netlist
Netlist sorting complete. Time (s): cpu = 00:00:00 ; elapsed = 00:00:00.013 . Memory (MB): peak = 1558.738 ; gain = 0.000
INFO: [Netlist 29-17] Analyzing 63 Unisim elements for replacement
INFO: [Netlist 29-28] Unisim Transformation completed in 0 CPU seconds
INFO: [Project 1-570] Preparing netlist for logic optimization
INFO: [Opt 31-138] Pushed 0 inverter(s) to 0 load pin(s).
Netlist sorting complete. Time (s): cpu = 00:00:00 ; elapsed = 00:00:00 . Memory (MB): peak = 1558.738 ; gain = 0.000
INFO: [Project 1-111] Unisim Transformation Summary:
  A total of 33 instances were transformed.
  LDC => LDCE: 1 instance 
  RAM16X1S => RAM32X1S (RAMS32): 32 instances

Synth Design complete | Checksum: db74c498
INFO: [Common 17-83] Releasing license: Synthesis
57 Infos, 14 Warnings, 0 Critical Warnings and 0 Errors encountered.
synth_design completed successfully
synth_design: Time (s): cpu = 00:01:18 ; elapsed = 00:01:37 . Memory (MB): peak = 1558.738 ; gain = 1190.035
Write ShapeDB Complete: Time (s): cpu = 00:00:00 ; elapsed = 00:00:00.006 . Memory (MB): peak = 1558.738 ; gain = 0.000
INFO: [Common 17-1381] The checkpoint 'C:/Users/alext/Desktop/School/ECEN_340/Lab8_Memory/Lab8_Memory.runs/synth_1/memory_top.dcp' has been generated.
INFO: [Vivado 12-24828] Executing command : report_utilization -file memory_top_utilization_synth.rpt -pb memory_top_utilization_synth.pb
INFO: [Common 17-206] Exiting Vivado at Mon Nov 24 11:09:57 2025...
